2013-09-08 16:39:34.216 Shunt[43283:c07] Multi-tasking -> Device: YES, App: YES
2013-09-08 16:39:34.353 Shunt[43283:c07] Resetting plugins due to page load.
2013-09-08 16:39:34.451 Shunt[43283:c07] Finished load of: file:///Users/kevin/Library/Application%20Support/iPhone%20Simulator/6.1/Applications/BDDB2712-B06D-4B56-B9C8-7CA8AC3BA2DC/Shunt.app/www/index.html
2013-09-08 17:14:20.708 Shunt[44001:c07] Multi-tasking -> Device: YES, App: YES
2013-09-08 17:14:20.779 Shunt[44001:c07] Resetting plugins due to page load.
2013-09-08 17:15:52.295 Shunt[44212:c07] Multi-tasking -> Device: YES, App: YES
2013-09-08 17:15:52.335 Shunt[44212:c07] Resetting plugins due to page load.
2013-09-08 17:15:52.441 Shunt[44212:c07] Finished load of: file:///Users/kevin/Library/Application%20Support/iPhone%20Simulator/6.1/Applications/2C560213-1D21-4F63-97C3-B69EDFBF575A/Shunt.app/www/index.html#/downloads
2013-09-08 17:18:03.146 Shunt[44431:c07] Multi-tasking -> Device: YES, App: YES
2013-09-08 17:18:03.186 Shunt[44431:c07] Resetting plugins due to page load.
2013-09-08 17:18:03.297 Shunt[44431:c07] Finished load of: file:///Users/kevin/Library/Application%20Support/iPhone%20Simulator/6.1/Applications/2C560213-1D21-4F63-97C3-B69EDFBF575A/Shunt.app/www/index.html#/downloads
2013-09-08 17:18:50.545 Shunt[44806:c07] Multi-tasking -> Device: YES, App: YES
2013-09-08 17:18:50.585 Shunt[44806:c07] Resetting plugins due to page load.
Sep  8 17:18:50 kmac.local Shunt[44806] <Error>: CGAffineTransformInvert: singular matrix.
Sep  8 17:18:50 kmac.local Shunt[44806] <Error>: CGAffineTransformInvert: singular matrix.
Sep  8 17:18:50 kmac.local Shunt[44806] <Error>: CGAffineTransformInvert: singular matrix.
Sep  8 17:18:50 kmac.local Shunt[44806] <Error>: CGAffineTransformInvert: singular matrix.
2013-09-08 17:18:50.781 Shunt[44806:c07] Finished load of: file:///Users/kevin/Library/Application%20Support/iPhone%20Simulator/6.1/Applications/2C560213-1D21-4F63-97C3-B69EDFBF575A/Shunt.app/www/index.html#/downloads
Sep  8 17:18:54 kmac.local Shunt[44806] <Error>: CGAffineTransformInvert: singular matrix.
Sep  8 17:18:54 kmac.local Shunt[44806] <Error>: CGAffineTransformInvert: singular matrix.
Sep  8 17:18:54 kmac.local Shunt[44806] <Error>: CGAffineTransformInvert: singular matrix.
Sep  8 17:18:54 kmac.local Shunt[44806] <Error>: CGAffineTransformInvert: singular matrix.
Sep  8 17:18:54 kmac.local Shunt[44806] <Error>: CGAffineTransformInvert: singular matrix.
Sep  8 17:18:54 kmac.local Shunt[44806] <Error>: CGAffineTransformInvert: singular matrix.
Sep  8 17:18:57 kmac.local Shunt[44806] <Error>: CGAffineTransformInvert: singular matrix.
Sep  8 17:18:57 kmac.local Shunt[44806] <Error>: CGAffineTransformInvert: singular matrix.
Sep  8 17:18:57 kmac.local Shunt[44806] <Error>: CGAffineTransformInvert: singular matrix.
Sep  8 17:18:57 kmac.local Shunt[44806] <Error>: CGAffineTransformInvert: singular matrix.
2013-09-08 17:21:36.242 Shunt[45084:c07] Multi-tasking -> Device: YES, App: YES
2013-09-08 17:21:36.283 Shunt[45084:c07] Resetting plugins due to page load.
Sep  8 17:21:36 kmac.local Shunt[45084] <Error>: CGAffineTransformInvert: singular matrix.
Sep  8 17:21:36 kmac.local Shunt[45084] <Error>: CGAffineTransformInvert: singular matrix.
Sep  8 17:21:36 kmac.local Shunt[45084] <Error>: CGAffineTransformInvert: singular matrix.
Sep  8 17:21:36 kmac.local Shunt[45084] <Error>: CGAffineTransformInvert: singular matrix.
2013-09-08 17:21:36.476 Shunt[45084:c07] Finished load of: file:///Users/kevin/Library/Application%20Support/iPhone%20Simulator/6.1/Applications/2C560213-1D21-4F63-97C3-B69EDFBF575A/Shunt.app/www/index.html#/downloads
Sep  8 17:21:38 kmac.local Shunt[45084] <Error>: CGAffineTransformInvert: singular matrix.
Sep  8 17:21:38 kmac.local Shunt[45084] <Error>: CGAffineTransformInvert: singular matrix.
Sep  8 17:21:38 kmac.local Shunt[45084] <Error>: CGAffineTransformInvert: singular matrix.
Sep  8 17:21:38 kmac.local Shunt[45084] <Error>: CGAffineTransformInvert: singular matrix.
Sep  8 17:21:38 kmac.local Shunt[45084] <Error>: CGAffineTransformInvert: singular matrix.
Sep  8 17:21:38 kmac.local Shunt[45084] <Error>: CGAffineTransformInvert: singular matrix.
Sep  8 17:21:42 kmac.local Shunt[45084] <Error>: CGAffineTransformInvert: singular matrix.
Sep  8 17:21:42 kmac.local Shunt[45084] <Error>: CGAffineTransformInvert: singular matrix.
Sep  8 17:21:42 kmac.local Shunt[45084] <Error>: CGAffineTransformInvert: singular matrix.
Sep  8 17:21:42 kmac.local Shunt[45084] <Error>: CGAffineTransformInvert: singular matrix.
Sep  8 17:21:45 kmac.local Shunt[45084] <Error>: CGAffineTransformInvert: singular matrix.
Sep  8 17:21:45 kmac.local Shunt[45084] <Error>: CGAffineTransformInvert: singular matrix.
Sep  8 17:21:45 kmac.local Shunt[45084] <Error>: CGAffineTransformInvert: singular matrix.
Sep  8 17:21:45 kmac.local Shunt[45084] <Error>: CGAffineTransformInvert: singular matrix.
Sep  8 17:21:48 kmac.local Shunt[45084] <Error>: CGAffineTransformInvert: singular matrix.
Sep  8 17:21:48 kmac.local Shunt[45084] <Error>: CGAffineTransformInvert: singular matrix.
Sep  8 17:21:48 kmac.local Shunt[45084] <Error>: CGAffineTransformInvert: singular matrix.
Sep  8 17:21:48 kmac.local Shunt[45084] <Error>: CGAffineTransformInvert: singular matrix.
2013-09-08 17:24:15.205 Shunt[45291:c07] Multi-tasking -> Device: YES, App: YES
2013-09-08 17:24:15.245 Shunt[45291:c07] Resetting plugins due to page load.
Sep  8 17:24:15 kmac.local Shunt[45291] <Error>: CGAffineTransformInvert: singular matrix.
Sep  8 17:24:15 kmac.local Shunt[45291] <Error>: CGAffineTransformInvert: singular matrix.
Sep  8 17:24:15 kmac.local Shunt[45291] <Error>: CGAffineTransformInvert: singular matrix.
Sep  8 17:24:15 kmac.local Shunt[45291] <Error>: CGAffineTransformInvert: singular matrix.
2013-09-08 17:24:15.432 Shunt[45291:c07] Finished load of: file:///Users/kevin/Library/Application%20Support/iPhone%20Simulator/6.1/Applications/2C560213-1D21-4F63-97C3-B69EDFBF575A/Shunt.app/www/index.html#/downloads
Sep  8 17:24:21 kmac.local Shunt[45291] <Error>: CGAffineTransformInvert: singular matrix.
Sep  8 17:24:21 kmac.local Shunt[45291] <Error>: CGAffineTransformInvert: singular matrix.
Sep  8 17:24:21 kmac.local Shunt[45291] <Error>: CGAffineTransformInvert: singular matrix.
Sep  8 17:24:21 kmac.local Shunt[45291] <Error>: CGAffineTransformInvert: singular matrix.
Sep  8 17:24:31 kmac.local Shunt[45291] <Error>: CGAffineTransformInvert: singular matrix.
Sep  8 17:24:31 kmac.local Shunt[45291] <Error>: CGAffineTransformInvert: singular matrix.
Sep  8 17:24:31 kmac.local Shunt[45291] <Error>: CGAffineTransformInvert: singular matrix.
Sep  8 17:24:31 kmac.local Shunt[45291] <Error>: CGAffineTransformInvert: singular matrix.
Sep  8 17:24:34 kmac.local Shunt[45291] <Error>: CGAffineTransformInvert: singular matrix.
Sep  8 17:24:34 kmac.local Shunt[45291] <Error>: CGAffineTransformInvert: singular matrix.
Sep  8 17:24:34 kmac.local Shunt[45291] <Error>: CGAffineTransformInvert: singular matrix.
Sep  8 17:24:34 kmac.local Shunt[45291] <Error>: CGAffineTransformInvert: singular matrix.
Sep  8 17:24:37 kmac.local Shunt[45291] <Error>: CGAffineTransformInvert: singular matrix.
Sep  8 17:24:37 kmac.local Shunt[45291] <Error>: CGAffineTransformInvert: singular matrix.
Sep  8 17:24:37 kmac.local Shunt[45291] <Error>: CGAffineTransformInvert: singular matrix.
Sep  8 17:24:37 kmac.local Shunt[45291] <Error>: CGAffineTransformInvert: singular matrix.
Sep  8 17:29:14 kmac.local Shunt[45291] <Error>: CGAffineTransformInvert: singular matrix.
Sep  8 17:29:14 kmac.local Shunt[45291] <Error>: CGAffineTransformInvert: singular matrix.
Sep  8 17:29:14 kmac.local Shunt[45291] <Error>: CGAffineTransformInvert: singular matrix.
Sep  8 17:29:14 kmac.local Shunt[45291] <Error>: CGAffineTransformInvert: singular matrix.
Sep  8 17:29:16 kmac.local Shunt[45291] <Error>: CGAffineTransformInvert: singular matrix.
Sep  8 17:29:16 kmac.local Shunt[45291] <Error>: CGAffineTransformInvert: singular matrix.
Sep  8 17:29:16 kmac.local Shunt[45291] <Error>: CGAffineTransformInvert: singular matrix.
Sep  8 17:29:16 kmac.local Shunt[45291] <Error>: CGAffineTransformInvert: singular matrix.
2013-09-08 17:31:17.416 Shunt[45749:c07] Multi-tasking -> Device: YES, App: YES
2013-09-08 17:31:17.455 Shunt[45749:c07] Resetting plugins due to page load.
Sep  8 17:31:20 kmac.local Shunt[45749] <Error>: CGAffineTransformInvert: singular matrix.
Sep  8 17:31:20 kmac.local Shunt[45749] <Error>: CGAffineTransformInvert: singular matrix.
Sep  8 17:31:20 kmac.local Shunt[45749] <Error>: CGAffineTransformInvert: singular matrix.
Sep  8 17:31:20 kmac.local Shunt[45749] <Error>: CGAffineTransformInvert: singular matrix.
2013-09-08 17:31:24.975 Shunt[45749:c07] Finished load of: file:///Users/kevin/Library/Application%20Support/iPhone%20Simulator/6.1/Applications/2C560213-1D21-4F63-97C3-B69EDFBF575A/Shunt.app/www/index.html#/downloads
Sep  8 17:31:25 kmac.local Shunt[45749] <Error>: CGAffineTransformInvert: singular matrix.
Sep  8 17:31:25 kmac.local Shunt[45749] <Error>: CGAffineTransformInvert: singular matrix.
Sep  8 17:31:31 kmac.local Shunt[45749] <Error>: CGAffineTransformInvert: singular matrix.
Sep  8 17:31:31 kmac.local Shunt[45749] <Error>: CGAffineTransformInvert: singular matrix.
Sep  8 17:31:31 kmac.local Shunt[45749] <Error>: CGAffineTransformInvert: singular matrix.
Sep  8 17:31:31 kmac.local Shunt[45749] <Error>: CGAffineTransformInvert: singular matrix.
Sep  8 17:31:31 kmac.local Shunt[45749] <Error>: CGAffineTransformInvert: singular matrix.
Sep  8 17:31:31 kmac.local Shunt[45749] <Error>: CGAffineTransformInvert: singular matrix.
Sep  8 17:33:48 kmac.local Shunt[45749] <Error>: CGAffineTransformInvert: singular matrix.
Sep  8 17:33:48 kmac.local Shunt[45749] <Error>: CGAffineTransformInvert: singular matrix.
Sep  8 17:33:48 kmac.local Shunt[45749] <Error>: CGAffineTransformInvert: singular matrix.
Sep  8 17:33:48 kmac.local Shunt[45749] <Error>: CGAffineTransformInvert: singular matrix.
Sep  8 17:34:09 kmac.local Shunt[45749] <Error>: CGAffineTransformInvert: singular matrix.
Sep  8 17:34:09 kmac.local Shunt[45749] <Error>: CGAffineTransformInvert: singular matrix.
Sep  8 17:34:09 kmac.local Shunt[45749] <Error>: CGAffineTransformInvert: singular matrix.
Sep  8 17:34:09 kmac.local Shunt[45749] <Error>: CGAffineTransformInvert: singular matrix.
Sep  8 17:34:09 kmac.local Shunt[45749] <Error>: CGAffineTransformInvert: singular matrix.
Sep  8 17:34:09 kmac.local Shunt[45749] <Error>: CGAffineTransformInvert: singular matrix.
Sep  8 17:34:14 kmac.local Shunt[45749] <Error>: CGAffineTransformInvert: singular matrix.
Sep  8 17:34:14 kmac.local Shunt[45749] <Error>: CGAffineTransformInvert: singular matrix.
2013-09-08 17:39:44.014 Shunt[46172:c07] Multi-tasking -> Device: YES, App: YES
2013-09-08 17:39:44.055 Shunt[46172:c07] Resetting plugins due to page load.
Sep  8 17:39:46 kmac.local Shunt[46172] <Error>: CGAffineTransformInvert: singular matrix.
Sep  8 17:39:46 kmac.local Shunt[46172] <Error>: CGAffineTransformInvert: singular matrix.
Sep  8 17:39:46 kmac.local Shunt[46172] <Error>: CGAffineTransformInvert: singular matrix.
Sep  8 17:39:46 kmac.local Shunt[46172] <Error>: CGAffineTransformInvert: singular matrix.
2013-09-08 17:39:53.638 Shunt[46172:c07] Finished load of: file:///Users/kevin/Library/Application%20Support/iPhone%20Simulator/6.1/Applications/2C560213-1D21-4F63-97C3-B69EDFBF575A/Shunt.app/www/index.html#/downloads
Sep  8 17:39:53 kmac.local Shunt[46172] <Error>: CGAffineTransformInvert: singular matrix.
Sep  8 17:39:53 kmac.local Shunt[46172] <Error>: CGAffineTransformInvert: singular matrix.
Sep  8 17:39:57 kmac.local Shunt[46172] <Error>: CGAffineTransformInvert: singular matrix.
Sep  8 17:39:57 kmac.local Shunt[46172] <Error>: CGAffineTransformInvert: singular matrix.
Sep  8 17:39:57 kmac.local Shunt[46172] <Error>: CGAffineTransformInvert: singular matrix.
Sep  8 17:39:57 kmac.local Shunt[46172] <Error>: CGAffineTransformInvert: singular matrix.
Sep  8 17:39:57 kmac.local Shunt[46172] <Error>: CGAffineTransformInvert: singular matrix.
Sep  8 17:39:57 kmac.local Shunt[46172] <Error>: CGAffineTransformInvert: singular matrix.
Sep  8 17:40:02 kmac.local Shunt[46172] <Error>: CGAffineTransformInvert: singular matrix.
Sep  8 17:40:02 kmac.local Shunt[46172] <Error>: CGAffineTransformInvert: singular matrix.
Sep  8 17:40:02 kmac.local Shunt[46172] <Error>: CGAffineTransformInvert: singular matrix.
Sep  8 17:40:02 kmac.local Shunt[46172] <Error>: CGAffineTransformInvert: singular matrix.
Sep  8 17:40:04 kmac.local Shunt[46172] <Error>: CGAffineTransformInvert: singular matrix.
Sep  8 17:40:04 kmac.local Shunt[46172] <Error>: CGAffineTransformInvert: singular matrix.
2013-09-08 17:42:02.367 Shunt[46551:c07] Multi-tasking -> Device: YES, App: YES
2013-09-08 17:42:02.407 Shunt[46551:c07] Resetting plugins due to page load.
Sep  8 17:42:04 kmac.local Shunt[46551] <Error>: CGAffineTransformInvert: singular matrix.
Sep  8 17:42:04 kmac.local Shunt[46551] <Error>: CGAffineTransformInvert: singular matrix.
Sep  8 17:42:04 kmac.local Shunt[46551] <Error>: CGAffineTransformInvert: singular matrix.
Sep  8 17:42:04 kmac.local Shunt[46551] <Error>: CGAffineTransformInvert: singular matrix.
2013-09-08 17:42:08.059 Shunt[46551:c07] Finished load of: file:///Users/kevin/Library/Application%20Support/iPhone%20Simulator/6.1/Applications/2C560213-1D21-4F63-97C3-B69EDFBF575A/Shunt.app/www/index.html#/
Sep  8 17:42:08 kmac.local Shunt[46551] <Error>: CGAffineTransformInvert: singular matrix.
Sep  8 17:42:08 kmac.local Shunt[46551] <Error>: CGAffineTransformInvert: singular matrix.
Sep  8 17:42:16 kmac.local Shunt[46551] <Error>: CGAffineTransformInvert: singular matrix.
Sep  8 17:42:16 kmac.local Shunt[46551] <Error>: CGAffineTransformInvert: singular matrix.
Sep  8 17:42:16 kmac.local Shunt[46551] <Error>: CGAffineTransformInvert: singular matrix.
Sep  8 17:42:16 kmac.local Shunt[46551] <Error>: CGAffineTransformInvert: singular matrix.
Sep  8 17:44:51 kmac.local Shunt[46551] <Error>: CGAffineTransformInvert: singular matrix.
Sep  8 17:44:51 kmac.local Shunt[46551] <Error>: CGAffineTransformInvert: singular matrix.
Sep  8 17:44:51 kmac.local Shunt[46551] <Error>: CGAffineTransformInvert: singular matrix.
Sep  8 17:44:51 kmac.local Shunt[46551] <Error>: CGAffineTransformInvert: singular matrix.
2013-09-09 00:02:33.541 Shunt[49734:c07] Multi-tasking -> Device: YES, App: YES
2013-09-09 00:02:33.582 Shunt[49734:c07] Resetting plugins due to page load.
Sep  9 00:02:33 kmac.local Shunt[49734] <Error>: CGAffineTransformInvert: singular matrix.
Sep  9 00:02:33 kmac.local Shunt[49734] <Error>: CGAffineTransformInvert: singular matrix.
Sep  9 00:02:33 kmac.local Shunt[49734] <Error>: CGAffineTransformInvert: singular matrix.
Sep  9 00:02:33 kmac.local Shunt[49734] <Error>: CGAffineTransformInvert: singular matrix.
2013-09-09 00:02:33.855 Shunt[49734:c07] Finished load of: file:///Users/kevin/Library/Application%20Support/iPhone%20Simulator/6.1/Applications/2C560213-1D21-4F63-97C3-B69EDFBF575A/Shunt.app/www/index.html#/
Sep  9 00:02:33 kmac.local Shunt[49734] <Error>: CGAffineTransformInvert: singular matrix.
Sep  9 00:02:33 kmac.local Shunt[49734] <Error>: CGAffineTransformInvert: singular matrix.
2013-09-14 20:50:16.129 Shunt[74911:c07] Multi-tasking -> Device: YES, App: YES
2013-09-14 20:50:16.362 Shunt[74911:c07] Resetting plugins due to page load.
Sep 14 20:50:16 kmac.local Shunt[74911] <Error>: CGAffineTransformInvert: singular matrix.
Sep 14 20:50:16 kmac.local Shunt[74911] <Error>: CGAffineTransformInvert: singular matrix.
Sep 14 20:50:16 kmac.local Shunt[74911] <Error>: CGAffineTransformInvert: singular matrix.
Sep 14 20:50:16 kmac.local Shunt[74911] <Error>: CGAffineTransformInvert: singular matrix.
2013-09-14 20:50:16.825 Shunt[74911:c07] Finished load of: file:///Users/kevin/Library/Application%20Support/iPhone%20Simulator/6.1/Applications/2C560213-1D21-4F63-97C3-B69EDFBF575A/Shunt.app/www/index.html#/
Sep 14 20:50:16 kmac.local Shunt[74911] <Error>: CGAffineTransformInvert: singular matrix.
Sep 14 20:50:16 kmac.local Shunt[74911] <Error>: CGAffineTransformInvert: singular matrix.
