2013-03-04 22:36:22.410 Hello[85684:c07] Multi-tasking -> Device: YES, App: YES
2013-03-04 22:36:22.648 Hello[85684:c07] Resetting plugins due to page load.
2013-03-04 22:36:22.748 Hello[85684:c07] Finished load of: file:///Users/kevin/Library/Application%20Support/iPhone%20Simulator/6.1/Applications/960DE147-5F38-473F-B64B-D905A1F4C07C/Hello.app/www/index.html
2013-03-04 22:36:22.771 Hello[85684:c07] [LOG] Received Event: deviceready
2013-03-04 22:56:35.666 Hello[85983:c07] Multi-tasking -> Device: YES, App: YES
2013-03-04 22:56:35.703 Hello[85983:c07] Resetting plugins due to page load.
2013-03-04 22:56:35.741 Hello[85983:c07] Finished load of: file:///Users/kevin/Library/Application%20Support/iPhone%20Simulator/6.1/Applications/960DE147-5F38-473F-B64B-D905A1F4C07C/Hello.app/www/index.html
2013-03-04 22:56:35.756 Hello[85983:c07] [LOG] Received Event: deviceready
2013-03-04 23:30:37.738 Hello[86389:c07] Multi-tasking -> Device: YES, App: YES
2013-03-04 23:30:37.768 Hello[86389:c07] Resetting plugins due to page load.
2013-03-04 23:30:37.801 Hello[86389:c07] Finished load of: file:///Users/kevin/Library/Application%20Support/iPhone%20Simulator/6.1/Applications/960DE147-5F38-473F-B64B-D905A1F4C07C/Hello.app/www/index.html
2013-03-04 23:32:44.355 Hello[86449:c07] Multi-tasking -> Device: YES, App: YES
2013-03-04 23:32:44.385 Hello[86449:c07] Resetting plugins due to page load.
2013-03-04 23:32:44.417 Hello[86449:c07] Finished load of: file:///Users/kevin/Library/Application%20Support/iPhone%20Simulator/6.1/Applications/960DE147-5F38-473F-B64B-D905A1F4C07C/Hello.app/www/index.html
2013-03-04 23:34:35.297 Hello[86494:c07] Multi-tasking -> Device: YES, App: YES
2013-03-04 23:34:35.327 Hello[86494:c07] Resetting plugins due to page load.
2013-03-04 23:34:35.364 Hello[86494:c07] Finished load of: file:///Users/kevin/Library/Application%20Support/iPhone%20Simulator/6.1/Applications/960DE147-5F38-473F-B64B-D905A1F4C07C/Hello.app/www/index.html
2013-03-04 23:35:55.622 Hello[86534:c07] Multi-tasking -> Device: YES, App: YES
2013-03-04 23:35:55.652 Hello[86534:c07] Resetting plugins due to page load.
2013-03-04 23:35:55.685 Hello[86534:c07] Finished load of: file:///Users/kevin/Library/Application%20Support/iPhone%20Simulator/6.1/Applications/960DE147-5F38-473F-B64B-D905A1F4C07C/Hello.app/www/index.html
2013-03-04 23:36:04.999 Hello[86565:c07] Multi-tasking -> Device: YES, App: YES
2013-03-04 23:36:05.038 Hello[86565:c07] Resetting plugins due to page load.
2013-03-04 23:36:05.072 Hello[86565:c07] Finished load of: file:///Users/kevin/Library/Application%20Support/iPhone%20Simulator/6.1/Applications/960DE147-5F38-473F-B64B-D905A1F4C07C/Hello.app/www/index.html
2013-03-04 23:41:02.574 Hello[86645:c07] Multi-tasking -> Device: YES, App: YES
2013-03-04 23:41:02.603 Hello[86645:c07] Resetting plugins due to page load.
2013-03-04 23:41:02.636 Hello[86645:c07] Finished load of: file:///Users/kevin/Library/Application%20Support/iPhone%20Simulator/6.1/Applications/960DE147-5F38-473F-B64B-D905A1F4C07C/Hello.app/www/index.html
2013-03-04 23:45:22.691 Hello[86711:c07] Multi-tasking -> Device: YES, App: YES
2013-03-04 23:45:22.722 Hello[86711:c07] Resetting plugins due to page load.
2013-03-04 23:45:22.754 Hello[86711:c07] Finished load of: file:///Users/kevin/Library/Application%20Support/iPhone%20Simulator/6.1/Applications/960DE147-5F38-473F-B64B-D905A1F4C07C/Hello.app/www/index.html
2013-03-08 09:51:28.997 Hello[99549:c07] Multi-tasking -> Device: YES, App: YES
2013-03-08 09:51:29.247 Hello[99549:c07] Resetting plugins due to page load.
2013-03-08 09:51:29.329 Hello[99549:c07] Finished load of: file:///Users/kevin/Library/Application%20Support/iPhone%20Simulator/6.1/Applications/960DE147-5F38-473F-B64B-D905A1F4C07C/Hello.app/www/index.html
Terminating in response to SpringBoard's termination.
2013-04-29 19:57:27.340 Hello[71266:c07] Multi-tasking -> Device: YES, App: YES
2013-04-29 19:57:27.562 Hello[71266:c07] Resetting plugins due to page load.
2013-04-29 19:57:27.643 Hello[71266:c07] Finished load of: file:///Users/kevin/Library/Application%20Support/iPhone%20Simulator/6.1/Applications/960DE147-5F38-473F-B64B-D905A1F4C07C/Hello.app/www/index.html
2013-04-29 19:57:38.954 Hello[71294:c07] Multi-tasking -> Device: YES, App: YES
2013-04-29 19:57:38.984 Hello[71294:c07] Resetting plugins due to page load.
2013-04-29 19:57:39.019 Hello[71294:c07] Finished load of: file:///Users/kevin/Library/Application%20Support/iPhone%20Simulator/6.1/Applications/960DE147-5F38-473F-B64B-D905A1F4C07C/Hello.app/www/index.html
2013-05-12 17:51:22.436 Hello[91480:c07] Multi-tasking -> Device: YES, App: YES
2013-05-12 17:51:22.662 Hello[91480:c07] Resetting plugins due to page load.
2013-05-12 17:51:22.775 Hello[91480:c07] Finished load of: file:///Users/kevin/Library/Application%20Support/iPhone%20Simulator/6.1/Applications/960DE147-5F38-473F-B64B-D905A1F4C07C/Hello.app/www/index.html
2013-05-12 17:51:41.552 Hello[91509:c07] Multi-tasking -> Device: YES, App: YES
2013-05-12 17:51:41.582 Hello[91509:c07] Resetting plugins due to page load.
2013-05-12 17:51:41.617 Hello[91509:c07] Finished load of: file:///Users/kevin/Library/Application%20Support/iPhone%20Simulator/6.1/Applications/960DE147-5F38-473F-B64B-D905A1F4C07C/Hello.app/www/index.html
2013-05-12 17:53:37.247 Hello[91547:c07] Multi-tasking -> Device: YES, App: YES
2013-05-12 17:53:37.277 Hello[91547:c07] Resetting plugins due to page load.
2013-05-12 17:53:37.311 Hello[91547:c07] Finished load of: file:///Users/kevin/Library/Application%20Support/iPhone%20Simulator/6.1/Applications/960DE147-5F38-473F-B64B-D905A1F4C07C/Hello.app/www/index.html
2013-05-12 17:55:31.295 Hello[91595:c07] Multi-tasking -> Device: YES, App: YES
2013-05-12 17:55:31.325 Hello[91595:c07] Resetting plugins due to page load.
2013-05-12 17:55:31.359 Hello[91595:c07] Finished load of: file:///Users/kevin/Library/Application%20Support/iPhone%20Simulator/6.1/Applications/960DE147-5F38-473F-B64B-D905A1F4C07C/Hello.app/www/index.html
2013-05-12 17:55:42.531 Hello[91621:c07] Multi-tasking -> Device: YES, App: YES
2013-05-12 17:55:42.563 Hello[91621:c07] Resetting plugins due to page load.
2013-05-12 17:55:42.602 Hello[91621:c07] Finished load of: file:///Users/kevin/Library/Application%20Support/iPhone%20Simulator/6.1/Applications/960DE147-5F38-473F-B64B-D905A1F4C07C/Hello.app/www/index.html
2013-05-12 17:56:35.969 Hello[91647:c07] Multi-tasking -> Device: YES, App: YES
2013-05-12 17:56:35.999 Hello[91647:c07] Resetting plugins due to page load.
2013-05-12 17:56:36.033 Hello[91647:c07] Finished load of: file:///Users/kevin/Library/Application%20Support/iPhone%20Simulator/6.1/Applications/960DE147-5F38-473F-B64B-D905A1F4C07C/Hello.app/www/index.html
2013-05-12 17:56:52.841 Hello[91673:c07] Multi-tasking -> Device: YES, App: YES
2013-05-12 17:56:52.871 Hello[91673:c07] Resetting plugins due to page load.
2013-05-12 17:56:52.906 Hello[91673:c07] Finished load of: file:///Users/kevin/Library/Application%20Support/iPhone%20Simulator/6.1/Applications/960DE147-5F38-473F-B64B-D905A1F4C07C/Hello.app/www/index.html
2013-05-12 17:57:05.773 Hello[91698:c07] Multi-tasking -> Device: YES, App: YES
2013-05-12 17:57:05.804 Hello[91698:c07] Resetting plugins due to page load.
2013-05-12 17:57:05.838 Hello[91698:c07] Finished load of: file:///Users/kevin/Library/Application%20Support/iPhone%20Simulator/6.1/Applications/960DE147-5F38-473F-B64B-D905A1F4C07C/Hello.app/www/index.html
2013-05-12 17:59:55.299 Hello[91729:c07] Multi-tasking -> Device: YES, App: YES
2013-05-12 17:59:55.329 Hello[91729:c07] Resetting plugins due to page load.
2013-05-12 17:59:55.363 Hello[91729:c07] Finished load of: file:///Users/kevin/Library/Application%20Support/iPhone%20Simulator/6.1/Applications/960DE147-5F38-473F-B64B-D905A1F4C07C/Hello.app/www/index.html
2013-05-12 18:04:06.114 Hello[91771:c07] Multi-tasking -> Device: YES, App: YES
2013-05-12 18:04:06.144 Hello[91771:c07] Resetting plugins due to page load.
2013-05-12 18:04:06.182 Hello[91771:c07] Finished load of: file:///Users/kevin/Library/Application%20Support/iPhone%20Simulator/6.1/Applications/960DE147-5F38-473F-B64B-D905A1F4C07C/Hello.app/www/index.html
2013-05-12 18:08:36.929 Hello[91816:c07] Multi-tasking -> Device: YES, App: YES
2013-05-12 18:08:36.959 Hello[91816:c07] Resetting plugins due to page load.
2013-05-12 18:08:36.994 Hello[91816:c07] Finished load of: file:///Users/kevin/Library/Application%20Support/iPhone%20Simulator/6.1/Applications/960DE147-5F38-473F-B64B-D905A1F4C07C/Hello.app/www/index.html
2013-05-12 18:12:32.833 Hello[91871:c07] Multi-tasking -> Device: YES, App: YES
2013-05-12 18:12:32.862 Hello[91871:c07] Resetting plugins due to page load.
2013-05-12 18:12:32.893 Hello[91871:c07] Finished load of: file:///Users/kevin/Library/Application%20Support/iPhone%20Simulator/6.1/Applications/960DE147-5F38-473F-B64B-D905A1F4C07C/Hello.app/www/index.html
2013-05-12 18:13:17.879 Hello[91905:c07] Multi-tasking -> Device: YES, App: YES
2013-05-12 18:13:17.910 Hello[91905:c07] Resetting plugins due to page load.
2013-05-12 18:13:17.940 Hello[91905:c07] Finished load of: file:///Users/kevin/Library/Application%20Support/iPhone%20Simulator/6.1/Applications/960DE147-5F38-473F-B64B-D905A1F4C07C/Hello.app/www/index.html
2013-05-12 18:15:26.254 Hello[91948:c07] Multi-tasking -> Device: YES, App: YES
2013-05-12 18:15:26.283 Hello[91948:c07] Resetting plugins due to page load.
2013-05-12 18:15:26.314 Hello[91948:c07] Finished load of: file:///Users/kevin/Library/Application%20Support/iPhone%20Simulator/6.1/Applications/960DE147-5F38-473F-B64B-D905A1F4C07C/Hello.app/www/index.html
2013-05-12 18:15:33.196 Hello[91987:c07] Multi-tasking -> Device: YES, App: YES
2013-05-12 18:15:33.226 Hello[91987:c07] Resetting plugins due to page load.
2013-05-12 18:15:33.256 Hello[91987:c07] Finished load of: file:///Users/kevin/Library/Application%20Support/iPhone%20Simulator/6.1/Applications/960DE147-5F38-473F-B64B-D905A1F4C07C/Hello.app/www/index.html
2013-05-12 18:18:30.869 Hello[92032:c07] Multi-tasking -> Device: YES, App: YES
2013-05-12 18:18:30.899 Hello[92032:c07] Resetting plugins due to page load.
2013-05-12 18:18:30.929 Hello[92032:c07] Finished load of: file:///Users/kevin/Library/Application%20Support/iPhone%20Simulator/6.1/Applications/960DE147-5F38-473F-B64B-D905A1F4C07C/Hello.app/www/index.html
2013-05-12 18:19:24.454 Hello[92058:c07] Multi-tasking -> Device: YES, App: YES
2013-05-12 18:19:24.483 Hello[92058:c07] Resetting plugins due to page load.
2013-05-12 18:19:24.513 Hello[92058:c07] Finished load of: file:///Users/kevin/Library/Application%20Support/iPhone%20Simulator/6.1/Applications/960DE147-5F38-473F-B64B-D905A1F4C07C/Hello.app/www/index.html
2013-05-12 18:22:44.337 Hello[92136:c07] Multi-tasking -> Device: YES, App: YES
2013-05-12 18:22:44.367 Hello[92136:c07] Resetting plugins due to page load.
2013-05-12 18:22:44.397 Hello[92136:c07] Finished load of: file:///Users/kevin/Library/Application%20Support/iPhone%20Simulator/6.1/Applications/960DE147-5F38-473F-B64B-D905A1F4C07C/Hello.app/www/index.html
2013-05-12 18:24:14.134 Hello[92161:c07] Multi-tasking -> Device: YES, App: YES
2013-05-12 18:24:14.164 Hello[92161:c07] Resetting plugins due to page load.
2013-05-12 18:24:14.194 Hello[92161:c07] Finished load of: file:///Users/kevin/Library/Application%20Support/iPhone%20Simulator/6.1/Applications/960DE147-5F38-473F-B64B-D905A1F4C07C/Hello.app/www/index.html
2013-05-12 18:24:25.637 Hello[92187:c07] Multi-tasking -> Device: YES, App: YES
2013-05-12 18:24:25.668 Hello[92187:c07] Resetting plugins due to page load.
2013-05-12 18:24:25.697 Hello[92187:c07] Finished load of: file:///Users/kevin/Library/Application%20Support/iPhone%20Simulator/6.1/Applications/960DE147-5F38-473F-B64B-D905A1F4C07C/Hello.app/www/index.html
2013-05-12 18:26:05.994 Hello[92212:c07] Multi-tasking -> Device: YES, App: YES
2013-05-12 18:26:06.025 Hello[92212:c07] Resetting plugins due to page load.
2013-05-12 18:26:06.059 Hello[92212:c07] Finished load of: file:///Users/kevin/Library/Application%20Support/iPhone%20Simulator/6.1/Applications/960DE147-5F38-473F-B64B-D905A1F4C07C/Hello.app/www/index.html
2013-05-12 18:27:14.654 Hello[92414:c07] Multi-tasking -> Device: YES, App: YES
2013-05-12 18:27:14.684 Hello[92414:c07] Resetting plugins due to page load.
2013-05-12 18:27:14.777 Hello[92414:c07] Finished load of: file:///Users/kevin/Library/Application%20Support/iPhone%20Simulator/6.1/Applications/960DE147-5F38-473F-B64B-D905A1F4C07C/Hello.app/www/index.html#/
2013-05-12 18:27:44.321 Hello[92457:c07] Multi-tasking -> Device: YES, App: YES
2013-05-12 18:27:44.352 Hello[92457:c07] Resetting plugins due to page load.
2013-05-12 18:27:44.415 Hello[92457:c07] Finished load of: file:///Users/kevin/Library/Application%20Support/iPhone%20Simulator/6.1/Applications/960DE147-5F38-473F-B64B-D905A1F4C07C/Hello.app/www/index.html#/
2013-05-12 18:27:56.536 Hello[92656:c07] Multi-tasking -> Device: YES, App: YES
2013-05-12 18:27:56.567 Hello[92656:c07] Resetting plugins due to page load.
2013-05-12 18:27:56.626 Hello[92656:c07] Finished load of: file:///Users/kevin/Library/Application%20Support/iPhone%20Simulator/6.1/Applications/960DE147-5F38-473F-B64B-D905A1F4C07C/Hello.app/www/index.html
2013-05-12 18:29:26.775 Hello[92858:c07] Multi-tasking -> Device: YES, App: YES
2013-05-12 18:29:26.805 Hello[92858:c07] Resetting plugins due to page load.
2013-05-12 18:29:26.856 Hello[92858:c07] Finished load of: file:///Users/kevin/Library/Application%20Support/iPhone%20Simulator/6.1/Applications/960DE147-5F38-473F-B64B-D905A1F4C07C/Hello.app/www/index.html
2013-05-12 18:33:22.987 Hello[93072:c07] Multi-tasking -> Device: YES, App: YES
2013-05-12 18:33:23.018 Hello[93072:c07] Resetting plugins due to page load.
2013-05-12 18:33:23.069 Hello[93072:c07] Finished load of: file:///Users/kevin/Library/Application%20Support/iPhone%20Simulator/6.1/Applications/960DE147-5F38-473F-B64B-D905A1F4C07C/Hello.app/www/index.html
2013-05-12 18:36:14.477 Hello[93391:c07] Multi-tasking -> Device: YES, App: YES
2013-05-12 18:36:14.507 Hello[93391:c07] Resetting plugins due to page load.
2013-05-12 18:36:14.568 Hello[93391:c07] Finished load of: file:///Users/kevin/Library/Application%20Support/iPhone%20Simulator/6.1/Applications/960DE147-5F38-473F-B64B-D905A1F4C07C/Hello.app/www/index.html#/
2013-05-12 18:37:31.192 Hello[93427:c07] Multi-tasking -> Device: YES, App: YES
2013-05-12 18:37:31.224 Hello[93427:c07] Resetting plugins due to page load.
2013-05-12 18:37:31.289 Hello[93427:c07] Finished load of: file:///Users/kevin/Library/Application%20Support/iPhone%20Simulator/6.1/Applications/960DE147-5F38-473F-B64B-D905A1F4C07C/Hello.app/www/index.html#/
2013-05-12 18:37:44.184 Hello[93617:c07] Multi-tasking -> Device: YES, App: YES
2013-05-12 18:37:44.213 Hello[93617:c07] Resetting plugins due to page load.
2013-05-12 18:37:44.272 Hello[93617:c07] Finished load of: file:///Users/kevin/Library/Application%20Support/iPhone%20Simulator/6.1/Applications/960DE147-5F38-473F-B64B-D905A1F4C07C/Hello.app/www/index.html#/
2013-05-20 16:57:56.973 Hello[1118:c07] Multi-tasking -> Device: YES, App: YES
2013-05-20 16:57:57.187 Hello[1118:c07] Resetting plugins due to page load.
2013-05-20 16:57:57.319 Hello[1118:c07] Finished load of: file:///Users/kevin/Library/Application%20Support/iPhone%20Simulator/6.1/Applications/960DE147-5F38-473F-B64B-D905A1F4C07C/Hello.app/www/index.html#/
2013-05-20 16:58:17.520 Hello[1318:c07] Multi-tasking -> Device: YES, App: YES
2013-05-20 16:58:17.549 Hello[1318:c07] Resetting plugins due to page load.
2013-05-20 16:58:17.615 Hello[1318:c07] Finished load of: file:///Users/kevin/Library/Application%20Support/iPhone%20Simulator/6.1/Applications/960DE147-5F38-473F-B64B-D905A1F4C07C/Hello.app/www/index.html#/
2013-05-20 16:58:51.041 Hello[1515:c07] Multi-tasking -> Device: YES, App: YES
2013-05-20 16:58:51.071 Hello[1515:c07] Resetting plugins due to page load.
2013-05-20 16:58:51.136 Hello[1515:c07] Finished load of: file:///Users/kevin/Library/Application%20Support/iPhone%20Simulator/6.1/Applications/960DE147-5F38-473F-B64B-D905A1F4C07C/Hello.app/www/index.html#/
2013-05-20 17:08:19.463 Hello[1630:c07] Multi-tasking -> Device: YES, App: YES
2013-05-20 17:08:19.492 Hello[1630:c07] Resetting plugins due to page load.
2013-05-20 17:08:19.556 Hello[1630:c07] Finished load of: file:///Users/kevin/Library/Application%20Support/iPhone%20Simulator/6.1/Applications/960DE147-5F38-473F-B64B-D905A1F4C07C/Hello.app/www/index.html#/
2013-05-20 17:08:36.360 Hello[1826:c07] Multi-tasking -> Device: YES, App: YES
2013-05-20 17:08:36.446 Hello[1826:c07] Resetting plugins due to page load.
2013-05-20 17:08:36.512 Hello[1826:c07] Finished load of: file:///Users/kevin/Library/Application%20Support/iPhone%20Simulator/6.1/Applications/960DE147-5F38-473F-B64B-D905A1F4C07C/Hello.app/www/index.html#/
2013-05-20 17:09:08.968 Hello[1856:c07] Multi-tasking -> Device: YES, App: YES
2013-05-20 17:09:09.051 Hello[1856:c07] Resetting plugins due to page load.
2013-05-20 17:09:09.112 Hello[1856:c07] Finished load of: file:///Users/kevin/Library/Application%20Support/iPhone%20Simulator/6.1/Applications/960DE147-5F38-473F-B64B-D905A1F4C07C/Hello.app/www/index.html#/
Terminating in response to SpringBoard's termination.
2013-05-30 20:48:00.943 Hello[86734:c07] Multi-tasking -> Device: YES, App: YES
2013-05-30 20:48:01.164 Hello[86734:c07] Resetting plugins due to page load.
2013-05-30 20:48:01.295 Hello[86734:c07] Finished load of: file:///Users/kevin/Library/Application%20Support/iPhone%20Simulator/6.1/Applications/960DE147-5F38-473F-B64B-D905A1F4C07C/Hello.app/www/index.html#/
2013-05-30 20:55:22.492 Hello[87031:c07] Multi-tasking -> Device: YES, App: YES
2013-05-30 20:55:22.524 Hello[87031:c07] Resetting plugins due to page load.
2013-05-30 20:55:22.604 Hello[87031:c07] Finished load of: file:///Users/kevin/Library/Application%20Support/iPhone%20Simulator/6.1/Applications/960DE147-5F38-473F-B64B-D905A1F4C07C/Hello.app/www/index.html#/
2013-05-30 21:00:11.613 Hello[87310:c07] Multi-tasking -> Device: YES, App: YES
2013-05-30 21:00:11.643 Hello[87310:c07] Resetting plugins due to page load.
2013-05-30 21:00:11.738 Hello[87310:c07] Finished load of: file:///Users/kevin/Library/Application%20Support/iPhone%20Simulator/6.1/Applications/960DE147-5F38-473F-B64B-D905A1F4C07C/Hello.app/www/index.html#/
2013-05-30 21:03:32.045 Hello[87376:c07] Multi-tasking -> Device: YES, App: YES
2013-05-30 21:03:32.105 Hello[87376:c07] Resetting plugins due to page load.
2013-05-30 21:03:32.186 Hello[87376:c07] Finished load of: file:///Users/kevin/Library/Application%20Support/iPhone%20Simulator/6.1/Applications/960DE147-5F38-473F-B64B-D905A1F4C07C/Hello.app/www/index.html#/
2013-05-30 21:04:54.667 Hello[87411:c07] Multi-tasking -> Device: YES, App: YES
2013-05-30 21:04:54.697 Hello[87411:c07] Resetting plugins due to page load.
2013-05-30 21:04:54.778 Hello[87411:c07] Finished load of: file:///Users/kevin/Library/Application%20Support/iPhone%20Simulator/6.1/Applications/960DE147-5F38-473F-B64B-D905A1F4C07C/Hello.app/www/index.html#/
2013-05-30 21:06:21.266 Hello[87451:c07] Multi-tasking -> Device: YES, App: YES
2013-05-30 21:06:21.301 Hello[87451:c07] Resetting plugins due to page load.
2013-05-30 21:06:21.382 Hello[87451:c07] Finished load of: file:///Users/kevin/Library/Application%20Support/iPhone%20Simulator/6.1/Applications/960DE147-5F38-473F-B64B-D905A1F4C07C/Hello.app/www/index.html#/
2013-05-30 21:10:05.793 Hello[87512:c07] Multi-tasking -> Device: YES, App: YES
2013-05-30 21:10:05.824 Hello[87512:c07] Resetting plugins due to page load.
2013-05-30 21:10:05.908 Hello[87512:c07] Finished load of: file:///Users/kevin/Library/Application%20Support/iPhone%20Simulator/6.1/Applications/960DE147-5F38-473F-B64B-D905A1F4C07C/Hello.app/www/index.html#/
May 30 21:10:05 kmac.local Hello[87512] <Error>: CGAffineTransformInvert: singular matrix.
May 30 21:10:05 kmac.local Hello[87512] <Error>: CGAffineTransformInvert: singular matrix.
2013-05-30 21:20:40.915 Hello[87634:c07] Multi-tasking -> Device: YES, App: YES
2013-05-30 21:20:40.946 Hello[87634:c07] Resetting plugins due to page load.
2013-05-30 21:20:41.033 Hello[87634:c07] Finished load of: file:///Users/kevin/Library/Application%20Support/iPhone%20Simulator/6.1/Applications/960DE147-5F38-473F-B64B-D905A1F4C07C/Hello.app/www/index.html#/
May 30 21:20:41 kmac.local Hello[87634] <Error>: CGAffineTransformInvert: singular matrix.
May 30 21:20:41 kmac.local Hello[87634] <Error>: CGAffineTransformInvert: singular matrix.
2013-05-30 22:00:41.985 Hello[15309:c07] Multi-tasking -> Device: YES, App: YES
2013-05-30 22:00:42.020 Hello[15309:c07] Resetting plugins due to page load.
2013-05-30 22:00:42.104 Hello[15309:c07] Finished load of: file:///Users/kevin/Library/Application%20Support/iPhone%20Simulator/6.1/Applications/960DE147-5F38-473F-B64B-D905A1F4C07C/Hello.app/www/index.html#/
May 30 22:00:42 kmac.local Hello[15309] <Error>: CGAffineTransformInvert: singular matrix.
May 30 22:00:42 kmac.local Hello[15309] <Error>: CGAffineTransformInvert: singular matrix.
2013-05-30 22:01:19.947 Hello[15339:c07] Multi-tasking -> Device: YES, App: YES
2013-05-30 22:01:19.979 Hello[15339:c07] Resetting plugins due to page load.
2013-05-30 22:01:20.063 Hello[15339:c07] Finished load of: file:///Users/kevin/Library/Application%20Support/iPhone%20Simulator/6.1/Applications/960DE147-5F38-473F-B64B-D905A1F4C07C/Hello.app/www/index.html#/
May 30 22:01:20 kmac.local Hello[15339] <Error>: CGAffineTransformInvert: singular matrix.
May 30 22:01:20 kmac.local Hello[15339] <Error>: CGAffineTransformInvert: singular matrix.
2013-05-30 22:03:57.831 Hello[15389:c07] Multi-tasking -> Device: YES, App: YES
2013-05-30 22:03:57.862 Hello[15389:c07] Resetting plugins due to page load.
2013-05-30 22:03:57.947 Hello[15389:c07] Finished load of: file:///Users/kevin/Library/Application%20Support/iPhone%20Simulator/6.1/Applications/960DE147-5F38-473F-B64B-D905A1F4C07C/Hello.app/www/index.html#/
May 30 22:03:57 kmac.local Hello[15389] <Error>: CGAffineTransformInvert: singular matrix.
May 30 22:03:57 kmac.local Hello[15389] <Error>: CGAffineTransformInvert: singular matrix.
2013-05-30 22:05:16.362 Hello[15431:c07] Multi-tasking -> Device: YES, App: YES
2013-05-30 22:05:16.393 Hello[15431:c07] Resetting plugins due to page load.
2013-05-30 22:05:16.475 Hello[15431:c07] Finished load of: file:///Users/kevin/Library/Application%20Support/iPhone%20Simulator/6.1/Applications/960DE147-5F38-473F-B64B-D905A1F4C07C/Hello.app/www/index.html#/
May 30 22:05:16 kmac.local Hello[15431] <Error>: CGAffineTransformInvert: singular matrix.
May 30 22:05:16 kmac.local Hello[15431] <Error>: CGAffineTransformInvert: singular matrix.
May 30 22:05:16 kmac.local Hello[15431] <Error>: CGAffineTransformInvert: singular matrix.
May 30 22:05:16 kmac.local Hello[15431] <Error>: CGAffineTransformInvert: singular matrix.
2013-05-30 22:09:21.075 Hello[15490:c07] Multi-tasking -> Device: YES, App: YES
2013-05-30 22:09:21.106 Hello[15490:c07] Resetting plugins due to page load.
2013-05-30 22:09:21.217 Hello[15490:c07] Finished load of: file:///Users/kevin/Library/Application%20Support/iPhone%20Simulator/6.1/Applications/960DE147-5F38-473F-B64B-D905A1F4C07C/Hello.app/www/index.html#/
May 30 22:09:21 kmac.local Hello[15490] <Error>: CGAffineTransformInvert: singular matrix.
May 30 22:09:21 kmac.local Hello[15490] <Error>: CGAffineTransformInvert: singular matrix.
May 30 22:09:21 kmac.local Hello[15490] <Error>: CGAffineTransformInvert: singular matrix.
May 30 22:09:21 kmac.local Hello[15490] <Error>: CGAffineTransformInvert: singular matrix.
2013-05-30 22:12:03.065 Hello[15539:c07] Multi-tasking -> Device: YES, App: YES
2013-05-30 22:12:03.129 Hello[15539:c07] Resetting plugins due to page load.
2013-05-30 22:12:03.219 Hello[15539:c07] Finished load of: file:///Users/kevin/Library/Application%20Support/iPhone%20Simulator/6.1/Applications/960DE147-5F38-473F-B64B-D905A1F4C07C/Hello.app/www/index.html#/
May 30 22:12:03 kmac.local Hello[15539] <Error>: CGAffineTransformInvert: singular matrix.
May 30 22:12:03 kmac.local Hello[15539] <Error>: CGAffineTransformInvert: singular matrix.
May 30 22:12:03 kmac.local Hello[15539] <Error>: CGAffineTransformInvert: singular matrix.
May 30 22:12:03 kmac.local Hello[15539] <Error>: CGAffineTransformInvert: singular matrix.
2013-05-30 22:12:40.790 Hello[15568:c07] Multi-tasking -> Device: YES, App: YES
2013-05-30 22:12:40.821 Hello[15568:c07] Resetting plugins due to page load.
2013-05-30 22:12:40.903 Hello[15568:c07] Finished load of: file:///Users/kevin/Library/Application%20Support/iPhone%20Simulator/6.1/Applications/960DE147-5F38-473F-B64B-D905A1F4C07C/Hello.app/www/index.html#/
May 30 22:12:40 kmac.local Hello[15568] <Error>: CGAffineTransformInvert: singular matrix.
May 30 22:12:40 kmac.local Hello[15568] <Error>: CGAffineTransformInvert: singular matrix.
May 30 22:12:40 kmac.local Hello[15568] <Error>: CGAffineTransformInvert: singular matrix.
May 30 22:12:40 kmac.local Hello[15568] <Error>: CGAffineTransformInvert: singular matrix.
2013-05-30 22:13:04.661 Hello[15783:c07] Multi-tasking -> Device: YES, App: YES
2013-05-30 22:13:04.692 Hello[15783:c07] Resetting plugins due to page load.
2013-05-30 22:13:04.776 Hello[15783:c07] Finished load of: file:///Users/kevin/Library/Application%20Support/iPhone%20Simulator/6.1/Applications/960DE147-5F38-473F-B64B-D905A1F4C07C/Hello.app/www/index.html#/
May 30 22:13:04 kmac.local Hello[15783] <Error>: CGAffineTransformInvert: singular matrix.
May 30 22:13:04 kmac.local Hello[15783] <Error>: CGAffineTransformInvert: singular matrix.
May 30 22:13:04 kmac.local Hello[15783] <Error>: CGAffineTransformInvert: singular matrix.
May 30 22:13:04 kmac.local Hello[15783] <Error>: CGAffineTransformInvert: singular matrix.
2013-05-30 22:13:48.593 Hello[15813:c07] Multi-tasking -> Device: YES, App: YES
2013-05-30 22:13:48.623 Hello[15813:c07] Resetting plugins due to page load.
2013-05-30 22:13:48.706 Hello[15813:c07] Finished load of: file:///Users/kevin/Library/Application%20Support/iPhone%20Simulator/6.1/Applications/960DE147-5F38-473F-B64B-D905A1F4C07C/Hello.app/www/index.html#/
May 30 22:13:48 kmac.local Hello[15813] <Error>: CGAffineTransformInvert: singular matrix.
May 30 22:13:48 kmac.local Hello[15813] <Error>: CGAffineTransformInvert: singular matrix.
May 30 22:13:48 kmac.local Hello[15813] <Error>: CGAffineTransformInvert: singular matrix.
May 30 22:13:48 kmac.local Hello[15813] <Error>: CGAffineTransformInvert: singular matrix.
2013-05-30 22:20:57.496 Hello[15921:c07] Multi-tasking -> Device: YES, App: YES
2013-05-30 22:20:57.526 Hello[15921:c07] Resetting plugins due to page load.
2013-05-30 22:20:57.609 Hello[15921:c07] Finished load of: file:///Users/kevin/Library/Application%20Support/iPhone%20Simulator/6.1/Applications/960DE147-5F38-473F-B64B-D905A1F4C07C/Hello.app/www/index.html#/
May 30 22:20:57 kmac.local Hello[15921] <Error>: CGAffineTransformInvert: singular matrix.
May 30 22:20:57 kmac.local Hello[15921] <Error>: CGAffineTransformInvert: singular matrix.
May 30 22:20:57 kmac.local Hello[15921] <Error>: CGAffineTransformInvert: singular matrix.
May 30 22:20:57 kmac.local Hello[15921] <Error>: CGAffineTransformInvert: singular matrix.
2013-05-30 22:21:37.572 Hello[15953:c07] Multi-tasking -> Device: YES, App: YES
2013-05-30 22:21:37.602 Hello[15953:c07] Resetting plugins due to page load.
2013-05-30 22:21:37.685 Hello[15953:c07] Finished load of: file:///Users/kevin/Library/Application%20Support/iPhone%20Simulator/6.1/Applications/960DE147-5F38-473F-B64B-D905A1F4C07C/Hello.app/www/index.html#/
May 30 22:21:37 kmac.local Hello[15953] <Error>: CGAffineTransformInvert: singular matrix.
May 30 22:21:37 kmac.local Hello[15953] <Error>: CGAffineTransformInvert: singular matrix.
May 30 22:21:37 kmac.local Hello[15953] <Error>: CGAffineTransformInvert: singular matrix.
May 30 22:21:37 kmac.local Hello[15953] <Error>: CGAffineTransformInvert: singular matrix.
2013-05-30 22:22:04.793 Hello[15982:c07] Multi-tasking -> Device: YES, App: YES
2013-05-30 22:22:04.823 Hello[15982:c07] Resetting plugins due to page load.
2013-05-30 22:22:04.905 Hello[15982:c07] Finished load of: file:///Users/kevin/Library/Application%20Support/iPhone%20Simulator/6.1/Applications/960DE147-5F38-473F-B64B-D905A1F4C07C/Hello.app/www/index.html#/
2013-05-30 22:22:04.922 Hello[15982:c07] [LOG] 2
May 30 22:22:04 kmac.local Hello[15982] <Error>: CGAffineTransformInvert: singular matrix.
May 30 22:22:04 kmac.local Hello[15982] <Error>: CGAffineTransformInvert: singular matrix.
May 30 22:22:04 kmac.local Hello[15982] <Error>: CGAffineTransformInvert: singular matrix.
May 30 22:22:04 kmac.local Hello[15982] <Error>: CGAffineTransformInvert: singular matrix.
2013-05-30 22:23:36.997 Hello[16024:c07] Multi-tasking -> Device: YES, App: YES
2013-05-30 22:23:37.029 Hello[16024:c07] Resetting plugins due to page load.
2013-05-30 22:23:37.109 Hello[16024:c07] Finished load of: file:///Users/kevin/Library/Application%20Support/iPhone%20Simulator/6.1/Applications/960DE147-5F38-473F-B64B-D905A1F4C07C/Hello.app/www/index.html#/
2013-05-30 22:23:37.127 Hello[16024:c07] [LOG] {"title":"Lorem.Ipsum.zip","size":20000,"downloaded":61000,"paused":1}
May 30 22:23:37 kmac.local Hello[16024] <Error>: CGAffineTransformInvert: singular matrix.
May 30 22:23:37 kmac.local Hello[16024] <Error>: CGAffineTransformInvert: singular matrix.
May 30 22:23:37 kmac.local Hello[16024] <Error>: CGAffineTransformInvert: singular matrix.
May 30 22:23:37 kmac.local Hello[16024] <Error>: CGAffineTransformInvert: singular matrix.
2013-05-30 22:24:00.541 Hello[16059:c07] Multi-tasking -> Device: YES, App: YES
2013-05-30 22:24:00.571 Hello[16059:c07] Resetting plugins due to page load.
2013-05-30 22:24:00.653 Hello[16059:c07] Finished load of: file:///Users/kevin/Library/Application%20Support/iPhone%20Simulator/6.1/Applications/960DE147-5F38-473F-B64B-D905A1F4C07C/Hello.app/www/index.html#/
May 30 22:24:00 kmac.local Hello[16059] <Error>: CGAffineTransformInvert: singular matrix.
May 30 22:24:00 kmac.local Hello[16059] <Error>: CGAffineTransformInvert: singular matrix.
May 30 22:24:00 kmac.local Hello[16059] <Error>: CGAffineTransformInvert: singular matrix.
May 30 22:24:00 kmac.local Hello[16059] <Error>: CGAffineTransformInvert: singular matrix.
2013-05-30 22:24:24.631 Hello[16094:c07] Multi-tasking -> Device: YES, App: YES
2013-05-30 22:24:24.662 Hello[16094:c07] Resetting plugins due to page load.
2013-05-30 22:24:24.742 Hello[16094:c07] Finished load of: file:///Users/kevin/Library/Application%20Support/iPhone%20Simulator/6.1/Applications/960DE147-5F38-473F-B64B-D905A1F4C07C/Hello.app/www/index.html#/
May 30 22:24:24 kmac.local Hello[16094] <Error>: CGAffineTransformInvert: singular matrix.
May 30 22:24:24 kmac.local Hello[16094] <Error>: CGAffineTransformInvert: singular matrix.
May 30 22:24:24 kmac.local Hello[16094] <Error>: CGAffineTransformInvert: singular matrix.
May 30 22:24:24 kmac.local Hello[16094] <Error>: CGAffineTransformInvert: singular matrix.
2013-05-30 22:25:00.969 Hello[16131:c07] Multi-tasking -> Device: YES, App: YES
2013-05-30 22:25:00.999 Hello[16131:c07] Resetting plugins due to page load.
2013-05-30 22:25:01.084 Hello[16131:c07] Finished load of: file:///Users/kevin/Library/Application%20Support/iPhone%20Simulator/6.1/Applications/960DE147-5F38-473F-B64B-D905A1F4C07C/Hello.app/www/index.html#/
2013-05-30 22:25:01.101 Hello[16131:c07] [LOG] {"title":"Lorem.Ipsum.zip","progress":0,"status_class":""}
2013-05-30 22:25:01.108 Hello[16131:c07] [LOG] {"title":"Lorem.Ipsum.zip","progress":0,"status_class":"pause"}
2013-05-30 22:25:01.109 Hello[16131:c07] [LOG] {"title":"Lorem.Ipsum.zip","progress":0,"status_class":""}
2013-05-30 22:25:01.109 Hello[16131:c07] [LOG] {"title":"Lorem.Ipsum.zip","progress":0,"status_class":"pause"}
May 30 22:25:01 kmac.local Hello[16131] <Error>: CGAffineTransformInvert: singular matrix.
May 30 22:25:01 kmac.local Hello[16131] <Error>: CGAffineTransformInvert: singular matrix.
May 30 22:25:01 kmac.local Hello[16131] <Error>: CGAffineTransformInvert: singular matrix.
May 30 22:25:01 kmac.local Hello[16131] <Error>: CGAffineTransformInvert: singular matrix.
2013-05-30 22:25:50.841 Hello[16169:c07] Multi-tasking -> Device: YES, App: YES
2013-05-30 22:25:50.872 Hello[16169:c07] Resetting plugins due to page load.
2013-05-30 22:25:50.964 Hello[16169:c07] Finished load of: file:///Users/kevin/Library/Application%20Support/iPhone%20Simulator/6.1/Applications/960DE147-5F38-473F-B64B-D905A1F4C07C/Hello.app/www/index.html#/
2013-05-30 22:25:50.981 Hello[16169:c07] [LOG] {"title":"Lorem.Ipsum.zip","progress":0.32786885245901637,"status_class":"pause"}
2013-05-30 22:25:50.988 Hello[16169:c07] [LOG] {"title":"Lorem.Ipsum.zip","progress":0.32786885245901637,"status_class":"pause"}
May 30 22:25:50 kmac.local Hello[16169] <Error>: CGAffineTransformInvert: singular matrix.
May 30 22:25:50 kmac.local Hello[16169] <Error>: CGAffineTransformInvert: singular matrix.
May 30 22:25:51 kmac.local Hello[16169] <Error>: CGAffineTransformInvert: singular matrix.
May 30 22:25:51 kmac.local Hello[16169] <Error>: CGAffineTransformInvert: singular matrix.
2013-05-30 22:26:18.875 Hello[16206:c07] Multi-tasking -> Device: YES, App: YES
2013-05-30 22:26:18.905 Hello[16206:c07] Resetting plugins due to page load.
2013-05-30 22:26:18.999 Hello[16206:c07] Finished load of: file:///Users/kevin/Library/Application%20Support/iPhone%20Simulator/6.1/Applications/960DE147-5F38-473F-B64B-D905A1F4C07C/Hello.app/www/index.html#/
2013-05-30 22:26:19.017 Hello[16206:c07] [LOG] {"title":"Lorem.Ipsum.zip","progress":0.32786885245901637,"status_class":"pause"}
2013-05-30 22:26:19.024 Hello[16206:c07] [LOG] {"title":"Lorem.Ipsum.zip","progress":0.32786885245901637,"status_class":"pause"}
May 30 22:26:19 kmac.local Hello[16206] <Error>: CGAffineTransformInvert: singular matrix.
May 30 22:26:19 kmac.local Hello[16206] <Error>: CGAffineTransformInvert: singular matrix.
May 30 22:26:19 kmac.local Hello[16206] <Error>: CGAffineTransformInvert: singular matrix.
May 30 22:26:19 kmac.local Hello[16206] <Error>: CGAffineTransformInvert: singular matrix.
2013-05-30 22:26:35.864 Hello[16241:c07] Multi-tasking -> Device: YES, App: YES
2013-05-30 22:26:35.995 Hello[16241:c07] Resetting plugins due to page load.
2013-05-30 22:26:36.077 Hello[16241:c07] Finished load of: file:///Users/kevin/Library/Application%20Support/iPhone%20Simulator/6.1/Applications/960DE147-5F38-473F-B64B-D905A1F4C07C/Hello.app/www/index.html#/
2013-05-30 22:26:36.097 Hello[16241:c07] [LOG] {"title":"Lorem.Ipsum.zip","progress":32,"status_class":"pause"}
2013-05-30 22:26:36.103 Hello[16241:c07] [LOG] {"title":"Lorem.Ipsum.zip","progress":32,"status_class":"pause"}
May 30 22:26:36 kmac.local Hello[16241] <Error>: CGAffineTransformInvert: singular matrix.
May 30 22:26:36 kmac.local Hello[16241] <Error>: CGAffineTransformInvert: singular matrix.
May 30 22:26:36 kmac.local Hello[16241] <Error>: CGAffineTransformInvert: singular matrix.
May 30 22:26:36 kmac.local Hello[16241] <Error>: CGAffineTransformInvert: singular matrix.
2013-05-30 22:27:32.064 Hello[16280:c07] Multi-tasking -> Device: YES, App: YES
2013-05-30 22:27:32.094 Hello[16280:c07] Resetting plugins due to page load.
2013-05-30 22:27:32.176 Hello[16280:c07] Finished load of: file:///Users/kevin/Library/Application%20Support/iPhone%20Simulator/6.1/Applications/960DE147-5F38-473F-B64B-D905A1F4C07C/Hello.app/www/index.html#/
2013-05-30 22:27:32.194 Hello[16280:c07] [LOG] {"title":"Lorem.Ipsum.zip","progress":30,"status_class":"pause"}
2013-05-30 22:27:32.202 Hello[16280:c07] [LOG] {"title":"Lorem.Ipsum.zip","progress":30,"status_class":"pause"}
May 30 22:27:32 kmac.local Hello[16280] <Error>: CGAffineTransformInvert: singular matrix.
May 30 22:27:32 kmac.local Hello[16280] <Error>: CGAffineTransformInvert: singular matrix.
May 30 22:27:32 kmac.local Hello[16280] <Error>: CGAffineTransformInvert: singular matrix.
May 30 22:27:32 kmac.local Hello[16280] <Error>: CGAffineTransformInvert: singular matrix.
2013-05-30 22:28:11.093 Hello[16310:c07] Multi-tasking -> Device: YES, App: YES
2013-05-30 22:28:11.126 Hello[16310:c07] Resetting plugins due to page load.
2013-05-30 22:28:11.210 Hello[16310:c07] Finished load of: file:///Users/kevin/Library/Application%20Support/iPhone%20Simulator/6.1/Applications/960DE147-5F38-473F-B64B-D905A1F4C07C/Hello.app/www/index.html#/
May 30 22:28:11 kmac.local Hello[16310] <Error>: CGAffineTransformInvert: singular matrix.
May 30 22:28:11 kmac.local Hello[16310] <Error>: CGAffineTransformInvert: singular matrix.
May 30 22:28:11 kmac.local Hello[16310] <Error>: CGAffineTransformInvert: singular matrix.
May 30 22:28:11 kmac.local Hello[16310] <Error>: CGAffineTransformInvert: singular matrix.
2013-05-30 22:32:15.369 Hello[16381:c07] Multi-tasking -> Device: YES, App: YES
2013-05-30 22:32:15.401 Hello[16381:c07] Resetting plugins due to page load.
2013-05-30 22:32:15.485 Hello[16381:c07] Finished load of: file:///Users/kevin/Library/Application%20Support/iPhone%20Simulator/6.1/Applications/960DE147-5F38-473F-B64B-D905A1F4C07C/Hello.app/www/index.html#/
May 30 22:32:15 kmac.local Hello[16381] <Error>: CGAffineTransformInvert: singular matrix.
May 30 22:32:15 kmac.local Hello[16381] <Error>: CGAffineTransformInvert: singular matrix.
May 30 22:32:15 kmac.local Hello[16381] <Error>: CGAffineTransformInvert: singular matrix.
May 30 22:32:15 kmac.local Hello[16381] <Error>: CGAffineTransformInvert: singular matrix.
2013-05-30 22:33:06.026 Hello[16413:c07] Multi-tasking -> Device: YES, App: YES
2013-05-30 22:33:06.056 Hello[16413:c07] Resetting plugins due to page load.
2013-05-30 22:33:06.139 Hello[16413:c07] Finished load of: file:///Users/kevin/Library/Application%20Support/iPhone%20Simulator/6.1/Applications/960DE147-5F38-473F-B64B-D905A1F4C07C/Hello.app/www/index.html#/
May 30 22:33:06 kmac.local Hello[16413] <Error>: CGAffineTransformInvert: singular matrix.
May 30 22:33:06 kmac.local Hello[16413] <Error>: CGAffineTransformInvert: singular matrix.
May 30 22:33:06 kmac.local Hello[16413] <Error>: CGAffineTransformInvert: singular matrix.
May 30 22:33:06 kmac.local Hello[16413] <Error>: CGAffineTransformInvert: singular matrix.
2013-05-30 22:44:59.234 Hello[16564:c07] Multi-tasking -> Device: YES, App: YES
2013-05-30 22:44:59.265 Hello[16564:c07] Resetting plugins due to page load.
2013-05-30 22:44:59.332 Hello[16564:c07] Finished load of: file:///Users/kevin/Library/Application%20Support/iPhone%20Simulator/6.1/Applications/960DE147-5F38-473F-B64B-D905A1F4C07C/Hello.app/www/index.html
2013-05-30 22:45:20.171 Hello[16591:c07] Multi-tasking -> Device: YES, App: YES
2013-05-30 22:45:20.202 Hello[16591:c07] Resetting plugins due to page load.
2013-05-30 22:45:20.267 Hello[16591:c07] Finished load of: file:///Users/kevin/Library/Application%20Support/iPhone%20Simulator/6.1/Applications/960DE147-5F38-473F-B64B-D905A1F4C07C/Hello.app/www/index.html
2013-05-30 22:45:35.128 Hello[16618:c07] Multi-tasking -> Device: YES, App: YES
2013-05-30 22:45:35.158 Hello[16618:c07] Resetting plugins due to page load.
2013-05-30 22:45:35.239 Hello[16618:c07] Finished load of: file:///Users/kevin/Library/Application%20Support/iPhone%20Simulator/6.1/Applications/960DE147-5F38-473F-B64B-D905A1F4C07C/Hello.app/www/index.html#/
May 30 22:45:35 kmac.local Hello[16618] <Error>: CGAffineTransformInvert: singular matrix.
May 30 22:45:35 kmac.local Hello[16618] <Error>: CGAffineTransformInvert: singular matrix.
May 30 22:45:35 kmac.local Hello[16618] <Error>: CGAffineTransformInvert: singular matrix.
May 30 22:45:35 kmac.local Hello[16618] <Error>: CGAffineTransformInvert: singular matrix.
2013-05-30 22:46:08.910 Hello[16647:c07] Multi-tasking -> Device: YES, App: YES
2013-05-30 22:46:08.943 Hello[16647:c07] Resetting plugins due to page load.
2013-05-30 22:46:09.025 Hello[16647:c07] Finished load of: file:///Users/kevin/Library/Application%20Support/iPhone%20Simulator/6.1/Applications/960DE147-5F38-473F-B64B-D905A1F4C07C/Hello.app/www/index.html#/
May 30 22:46:09 kmac.local Hello[16647] <Error>: CGAffineTransformInvert: singular matrix.
May 30 22:46:09 kmac.local Hello[16647] <Error>: CGAffineTransformInvert: singular matrix.
May 30 22:46:09 kmac.local Hello[16647] <Error>: CGAffineTransformInvert: singular matrix.
May 30 22:46:09 kmac.local Hello[16647] <Error>: CGAffineTransformInvert: singular matrix.
2013-05-30 22:47:38.670 Hello[16684:c07] Multi-tasking -> Device: YES, App: YES
2013-05-30 22:47:38.700 Hello[16684:c07] Resetting plugins due to page load.
2013-05-30 22:47:38.780 Hello[16684:c07] Finished load of: file:///Users/kevin/Library/Application%20Support/iPhone%20Simulator/6.1/Applications/960DE147-5F38-473F-B64B-D905A1F4C07C/Hello.app/www/index.html#/
May 30 22:47:38 kmac.local Hello[16684] <Error>: CGAffineTransformInvert: singular matrix.
May 30 22:47:38 kmac.local Hello[16684] <Error>: CGAffineTransformInvert: singular matrix.
May 30 22:47:38 kmac.local Hello[16684] <Error>: CGAffineTransformInvert: singular matrix.
May 30 22:47:38 kmac.local Hello[16684] <Error>: CGAffineTransformInvert: singular matrix.
2013-05-30 22:48:30.607 Hello[16716:c07] Multi-tasking -> Device: YES, App: YES
2013-05-30 22:48:30.637 Hello[16716:c07] Resetting plugins due to page load.
2013-05-30 22:48:30.719 Hello[16716:c07] Finished load of: file:///Users/kevin/Library/Application%20Support/iPhone%20Simulator/6.1/Applications/960DE147-5F38-473F-B64B-D905A1F4C07C/Hello.app/www/index.html#/
May 30 22:48:30 kmac.local Hello[16716] <Error>: CGAffineTransformInvert: singular matrix.
May 30 22:48:30 kmac.local Hello[16716] <Error>: CGAffineTransformInvert: singular matrix.
May 30 22:48:30 kmac.local Hello[16716] <Error>: CGAffineTransformInvert: singular matrix.
May 30 22:48:30 kmac.local Hello[16716] <Error>: CGAffineTransformInvert: singular matrix.
May 30 22:48:30 kmac.local Hello[16716] <Error>: CGAffineTransformInvert: singular matrix.
May 30 22:48:30 kmac.local Hello[16716] <Error>: CGAffineTransformInvert: singular matrix.
2013-05-30 22:49:10.018 Hello[16747:c07] Multi-tasking -> Device: YES, App: YES
2013-05-30 22:49:10.048 Hello[16747:c07] Resetting plugins due to page load.
2013-05-30 22:49:10.136 Hello[16747:c07] Finished load of: file:///Users/kevin/Library/Application%20Support/iPhone%20Simulator/6.1/Applications/960DE147-5F38-473F-B64B-D905A1F4C07C/Hello.app/www/index.html#/
May 30 22:49:10 kmac.local Hello[16747] <Error>: CGAffineTransformInvert: singular matrix.
May 30 22:49:10 kmac.local Hello[16747] <Error>: CGAffineTransformInvert: singular matrix.
2013-05-30 22:50:24.637 Hello[16780:c07] Multi-tasking -> Device: YES, App: YES
2013-05-30 22:50:24.668 Hello[16780:c07] Resetting plugins due to page load.
2013-05-30 22:50:24.752 Hello[16780:c07] Finished load of: file:///Users/kevin/Library/Application%20Support/iPhone%20Simulator/6.1/Applications/960DE147-5F38-473F-B64B-D905A1F4C07C/Hello.app/www/index.html#/
May 30 22:50:24 kmac.local Hello[16780] <Error>: CGAffineTransformInvert: singular matrix.
May 30 22:50:24 kmac.local Hello[16780] <Error>: CGAffineTransformInvert: singular matrix.
2013-05-30 22:53:37.163 Hello[16836:c07] Multi-tasking -> Device: YES, App: YES
2013-05-30 22:53:37.193 Hello[16836:c07] Resetting plugins due to page load.
2013-05-30 22:53:37.275 Hello[16836:c07] Finished load of: file:///Users/kevin/Library/Application%20Support/iPhone%20Simulator/6.1/Applications/960DE147-5F38-473F-B64B-D905A1F4C07C/Hello.app/www/index.html#/
May 30 22:53:37 kmac.local Hello[16836] <Error>: CGAffineTransformInvert: singular matrix.
May 30 22:53:37 kmac.local Hello[16836] <Error>: CGAffineTransformInvert: singular matrix.
Terminating in response to SpringBoard's termination.
2013-05-30 23:26:46.211 Shunt[17564:c07] Multi-tasking -> Device: YES, App: YES
2013-05-30 23:26:46.267 Shunt[17564:c07] Resetting plugins due to page load.
2013-05-30 23:26:46.363 Shunt[17564:c07] Finished load of: file:///Users/kevin/Library/Application%20Support/iPhone%20Simulator/6.1/Applications/67F62B51-D599-4CE0-B5A2-E221A7A58FC9/Shunt.app/www/index.html#/
May 30 23:26:46 kmac.local Shunt[17564] <Error>: CGAffineTransformInvert: singular matrix.
May 30 23:26:46 kmac.local Shunt[17564] <Error>: CGAffineTransformInvert: singular matrix.
2013-05-30 23:31:04.142 Shunt[18029:c07] Multi-tasking -> Device: YES, App: YES
2013-05-30 23:31:04.172 Shunt[18029:c07] Resetting plugins due to page load.
2013-05-30 23:31:04.260 Shunt[18029:c07] Finished load of: file:///Users/kevin/Library/Application%20Support/iPhone%20Simulator/6.1/Applications/67F62B51-D599-4CE0-B5A2-E221A7A58FC9/Shunt.app/www/index.html#/
May 30 23:31:04 kmac.local Shunt[18029] <Error>: CGAffineTransformInvert: singular matrix.
May 30 23:31:04 kmac.local Shunt[18029] <Error>: CGAffineTransformInvert: singular matrix.
2013-05-30 23:31:29.138 Shunt[18061:c07] Multi-tasking -> Device: YES, App: YES
2013-05-30 23:31:29.170 Shunt[18061:c07] Resetting plugins due to page load.
2013-05-30 23:31:29.255 Shunt[18061:c07] Finished load of: file:///Users/kevin/Library/Application%20Support/iPhone%20Simulator/6.1/Applications/67F62B51-D599-4CE0-B5A2-E221A7A58FC9/Shunt.app/www/index.html#/
May 30 23:31:29 kmac.local Shunt[18061] <Error>: CGAffineTransformInvert: singular matrix.
May 30 23:31:29 kmac.local Shunt[18061] <Error>: CGAffineTransformInvert: singular matrix.
May 30 23:31:29 kmac.local Shunt[18061] <Error>: CGAffineTransformInvert: singular matrix.
May 30 23:31:29 kmac.local Shunt[18061] <Error>: CGAffineTransformInvert: singular matrix.
2013-05-31 10:08:22.408 Shunt[19653:c07] Multi-tasking -> Device: YES, App: YES
2013-05-31 10:08:22.605 Shunt[19653:c07] Resetting plugins due to page load.
2013-05-31 10:08:22.751 Shunt[19653:c07] Finished load of: file:///Users/kevin/Library/Application%20Support/iPhone%20Simulator/6.1/Applications/67F62B51-D599-4CE0-B5A2-E221A7A58FC9/Shunt.app/www/index.html#/
May 31 10:08:22 kmac.local Shunt[19653] <Error>: CGAffineTransformInvert: singular matrix.
May 31 10:08:22 kmac.local Shunt[19653] <Error>: CGAffineTransformInvert: singular matrix.
May 31 10:08:22 kmac.local Shunt[19653] <Error>: CGAffineTransformInvert: singular matrix.
May 31 10:08:22 kmac.local Shunt[19653] <Error>: CGAffineTransformInvert: singular matrix.
May 31 10:09:35 kmac.local Shunt[19653] <Error>: CGAffineTransformInvert: singular matrix.
May 31 10:09:35 kmac.local Shunt[19653] <Error>: CGAffineTransformInvert: singular matrix.
May 31 10:09:35 kmac.local Shunt[19653] <Error>: CGAffineTransformInvert: singular matrix.
May 31 10:09:35 kmac.local Shunt[19653] <Error>: CGAffineTransformInvert: singular matrix.
May 31 10:09:38 kmac.local Shunt[19653] <Error>: CGAffineTransformInvert: singular matrix.
May 31 10:09:38 kmac.local Shunt[19653] <Error>: CGAffineTransformInvert: singular matrix.
May 31 10:09:38 kmac.local Shunt[19653] <Error>: CGAffineTransformInvert: singular matrix.
May 31 10:09:38 kmac.local Shunt[19653] <Error>: CGAffineTransformInvert: singular matrix.
Terminating in response to SpringBoard's termination.
